{"message":"img post request with no uri","level":"error"}
{"message":"Img post request with no uri","level":"error"}
{"message":"Img post request with no uri","level":"error"}
{"message":"Img post request with no uri","level":"error"}
{"message":"Img post request with no uri","level":"error"}
{"message":"vibe post missing type header","level":"error"}
{"message":"vibe post missing type header","level":"error"}
{"message":"artist post missing name","level":"error"}
{"message":"artist post missing id","level":"error"}
{"message":"artist post missing name","level":"error"}
{"message":"artist post missing id","level":"error"}
{"message":"artist post missing id","level":"error"}
{"message":"artist post missing image","level":"error"}
{"message":"artist post missing image","level":"error"}
{"message":"track post missing picture","level":"error"}
{"message":"track post missing artist","level":"error"}
{"message":"track post missing picture","level":"error"}
{"message":"track post missing artist","level":"error"}
{"message":"user 1's preferences updated with artist 42069","level":"info"}
{"message":"user 1's preferences updated with track 42069","level":"info"}
{"message":"user 1's preferences updated with track 42069","level":"info"}
{"message":"user 1's preferences updated with track 42069","level":"info"}
{"message":"user 1's preferences updated with track 42069","level":"info"}
{"message":"user 1's preferences updated with track 42069","level":"info"}
{"message":"user 1's preferences updated with track 42069","level":"info"}
{"message":"user 1's preferences updated with track 432","level":"info"}
{"message":"user 1's preferences updated with track 432","level":"info"}
{"message":"user 1's preferences updated with track 432","level":"info"}
{"message":"user 1's preferences updated with track 432","level":"info"}
{"message":"user 1's preferences updated with track 432","level":"info"}
{"message":"user 1's preferences updated with track 432","level":"info"}
{"message":"user 1's preferences updated with track 123","level":"info"}
{"message":"user 1's preferences updated with track 123","level":"info"}
{"message":"vibe post missing type header","level":"error"}
{"message":"vibe post missing type header","level":"error"}
{"message":"user 1's preferences updated with track 63cd4JkwGgYJrbOizbfmsp","level":"info"}
{"message":"track post missing img","level":"error"}
{"message":"user 1's preferences updated with track 5vIiGOCqhPwnQDZhWhewGU","level":"info"}
{"message":"user 1's preferences updated with track 63cd4JkwGgYJrbOizbfmsp","level":"info"}
{"message":"user 1's preferences updated with track 2TVxnKdb3tqe1nhQWwwZCO","level":"info"}
{"message":"user 1's preferences updated with artist 2qL9AGTy8Mr016YBC0dvGV","level":"info"}
{"message":"user 1's preferences updated with artist 79Xztd6s33dW9S4V0f4NsQ","level":"info"}
{"message":"user 1's preferences updated with artist 3TVXtAsR1Inumwj472S9r4","level":"info"}
{"message":"user 1's preferences updated with artist 29ijED2bnnprp2TciAK1aO","level":"info"}
{"message":"user 1's preferences updated with artist 7rvB7ONJSqlmaCrcbhelir","level":"info"}
{"message":"user 1's preferences updated with artist 3KLA7mvD10XxcjRbo3uTdB","level":"info"}
{"message":"user 1's preferences updated with artist 3jOstUTkEu2JkjvRdBA5Gu","level":"info"}
{"message":"user 1's preferences updated with artist 3jOstUTkEu2JkjvRdBA5Gu","level":"info"}
{"message":"user 1's preferences updated with artist 5K4W6rqBFWDnAN6FQUkS6x","level":"info"}
{"message":"user 1's preferences updated with artist 3jOstUTkEu2JkjvRdBA5Gu","level":"info"}
{"message":"user 1's preferences updated with track 2xYlyywNgefLCRDG8hlxZq","level":"info"}
{"message":"user 1's preferences updated with track 2WfaOiMkCvy7F5fcp2zZ8L","level":"info"}
